2016-10-05 13:57:52,935 [Worker-7] INFO  o.e.m.c.i.l.LifecycleMappingFactory - Using org.maven.ide.eclipse.wtp.WarLifecycleMapping lifecycle mapping for MavenProject: com.tricast.web:days-off-calendar:1.0-SNAPSHOT @ C:\Stuff\Company\Java Tanf 2016\TanfolyamPenDriveClean\dev\source\tricast_2016\pom.xml.
2016-10-05 13:57:53,880 [Worker-7] INFO  o.e.m.j.i.AbstractJavaProjectConfigurator - Adding source folder /days-off-calendar/src/main/java
2016-10-05 13:57:53,880 [Worker-7] INFO  o.e.m.j.i.AbstractJavaProjectConfigurator - Adding resource folder /days-off-calendar/src/main/resources
2016-10-05 13:57:53,887 [Worker-7] INFO  o.e.m.j.i.AbstractJavaProjectConfigurator - Adding source folder /days-off-calendar/src/test/java
2016-10-05 13:57:55,886 [Worker-7] INFO  o.e.m.c.i.p.ProjectConfigurationManager - Imported and configured 1 project(s) in 3 sec
2016-10-05 13:57:57,121 [Worker-6] INFO  o.e.m.c.i.embedder.EclipseLogger - Using 'UTF-8' encoding to copy filtered resources.
2016-10-05 13:57:57,127 [Worker-6] INFO  o.e.m.c.i.embedder.EclipseLogger - Copying 15 resources
2016-10-05 13:57:57,179 [Worker-6] INFO  o.e.m.c.i.embedder.EclipseLogger - Using 'UTF-8' encoding to copy filtered resources.
2016-10-05 13:57:57,179 [Worker-6] INFO  o.e.m.c.i.embedder.EclipseLogger - skip non existing resourceDirectory C:\Stuff\Company\Java Tanf 2016\TanfolyamPenDriveClean\dev\source\tricast_2016\src\test\resources
2016-10-05 13:57:59,955 [Worker-15] INFO  o.e.m.c.i.embedder.EclipseLogger - Using 'UTF-8' encoding to copy filtered resources.
2016-10-05 13:57:59,957 [Worker-15] INFO  o.e.m.c.i.embedder.EclipseLogger - Copying 0 resource
2016-10-05 13:57:59,958 [Worker-15] INFO  o.e.m.c.i.embedder.EclipseLogger - Using 'UTF-8' encoding to copy filtered resources.
2016-10-05 13:57:59,959 [Worker-15] INFO  o.e.m.c.i.embedder.EclipseLogger - skip non existing resourceDirectory C:\Stuff\Company\Java Tanf 2016\TanfolyamPenDriveClean\dev\source\tricast_2016\src\test\resources
2016-10-05 13:59:08,680 [Worker-7] INFO  o.e.m.c.i.l.LifecycleMappingFactory - Using org.maven.ide.eclipse.wtp.WarLifecycleMapping lifecycle mapping for MavenProject: com.tricast.web:tricast-2016-sportsbook:1.0-SNAPSHOT @ C:\Stuff\Company\Java Tanf 2016\TanfolyamPenDriveClean\dev\source\tricast_2016\pom.xml.
2016-10-05 13:59:09,227 [Worker-7] INFO  o.e.m.c.i.embedder.EclipseLogger - Using 'UTF-8' encoding to copy filtered resources.
2016-10-05 13:59:09,229 [Worker-7] INFO  o.e.m.c.i.embedder.EclipseLogger - Copying 0 resource
2016-10-05 13:59:09,232 [Worker-7] INFO  o.e.m.c.i.embedder.EclipseLogger - Using 'UTF-8' encoding to copy filtered resources.
2016-10-05 13:59:09,232 [Worker-7] INFO  o.e.m.c.i.embedder.EclipseLogger - skip non existing resourceDirectory C:\Stuff\Company\Java Tanf 2016\TanfolyamPenDriveClean\dev\source\tricast_2016\src\test\resources
2016-10-05 13:59:09,234 [Worker-7] INFO  o.e.m.w.i.f.ResourceFilteringBuildParticipant - Changed resources require a complete clean of filtered resources of days-off-calendar
2016-10-05 13:59:09,235 [Worker-7] INFO  o.e.m.w.i.f.ResourceFilteringBuildParticipant - Executing resource filtering for days-off-calendar
2016-10-05 13:59:09,241 [Worker-7] INFO  o.e.m.c.i.embedder.EclipseLogger - Using 'UTF-8' encoding to copy filtered resources.
2016-10-05 14:00:35,887 [Worker-17] INFO  o.e.m.c.i.l.LifecycleMappingFactory - Using org.maven.ide.eclipse.wtp.WarLifecycleMapping lifecycle mapping for MavenProject: com.tricast.web:tricast-2016-sportsbook:1.0-SNAPSHOT @ C:\Stuff\Company\Java Tanf 2016\TanfolyamPenDriveClean\dev\source\tricast_2016\pom.xml.
2016-10-05 14:00:36,463 [Worker-17] INFO  o.e.m.j.i.AbstractJavaProjectConfigurator - Adding source folder /tricast-2016-sportsbook/src/main/java
2016-10-05 14:00:36,463 [Worker-17] INFO  o.e.m.j.i.AbstractJavaProjectConfigurator - Adding resource folder /tricast-2016-sportsbook/src/main/resources
2016-10-05 14:00:36,464 [Worker-17] INFO  o.e.m.j.i.AbstractJavaProjectConfigurator - Adding source folder /tricast-2016-sportsbook/src/test/java
2016-10-05 14:00:36,757 [Worker-17] INFO  o.e.m.c.i.p.ProjectConfigurationManager - Imported and configured 1 project(s) in 1 sec
2016-10-05 14:00:37,430 [Worker-20] INFO  o.e.m.c.i.embedder.EclipseLogger - Using 'UTF-8' encoding to copy filtered resources.
2016-10-05 14:00:37,431 [Worker-20] INFO  o.e.m.c.i.embedder.EclipseLogger - Copying 15 resources
2016-10-05 14:00:37,467 [Worker-20] INFO  o.e.m.c.i.embedder.EclipseLogger - Using 'UTF-8' encoding to copy filtered resources.
2016-10-05 14:00:37,467 [Worker-20] INFO  o.e.m.c.i.embedder.EclipseLogger - skip non existing resourceDirectory C:\Stuff\Company\Java Tanf 2016\TanfolyamPenDriveClean\dev\source\tricast_2016\src\test\resources
2016-10-05 14:00:51,736 [Worker-17] INFO  o.e.m.c.i.embedder.EclipseLogger - Using 'UTF-8' encoding to copy filtered resources.
2016-10-05 14:00:51,739 [Worker-17] INFO  o.e.m.c.i.embedder.EclipseLogger - Copying 0 resource
2016-10-05 14:00:51,740 [Worker-17] INFO  o.e.m.c.i.embedder.EclipseLogger - Using 'UTF-8' encoding to copy filtered resources.
2016-10-05 14:00:51,740 [Worker-17] INFO  o.e.m.c.i.embedder.EclipseLogger - skip non existing resourceDirectory C:\Stuff\Company\Java Tanf 2016\TanfolyamPenDriveClean\dev\source\tricast_2016\src\test\resources
2016-10-05 14:01:11,436 [Worker-1] INFO  o.e.m.c.i.embedder.EclipseLogger - Using 'UTF-8' encoding to copy filtered resources.
2016-10-05 14:01:11,436 [Worker-1] INFO  o.e.m.c.i.embedder.EclipseLogger - Copying 1 resource
2016-10-05 14:01:11,440 [Worker-1] INFO  o.e.m.c.i.embedder.EclipseLogger - Using 'UTF-8' encoding to copy filtered resources.
2016-10-05 14:01:11,440 [Worker-1] INFO  o.e.m.c.i.embedder.EclipseLogger - skip non existing resourceDirectory C:\Stuff\Company\Java Tanf 2016\TanfolyamPenDriveClean\dev\source\tricast_2016\src\test\resources
2016-10-05 14:01:29,008 [Worker-22] INFO  o.e.m.c.i.embedder.EclipseLogger - Using 'UTF-8' encoding to copy filtered resources.
2016-10-05 14:01:29,008 [Worker-22] INFO  o.e.m.c.i.embedder.EclipseLogger - Copying 0 resource
2016-10-05 14:01:29,014 [Worker-22] INFO  o.e.m.c.i.embedder.EclipseLogger - Using 'UTF-8' encoding to copy filtered resources.
2016-10-05 14:01:29,014 [Worker-22] INFO  o.e.m.c.i.embedder.EclipseLogger - skip non existing resourceDirectory C:\Stuff\Company\Java Tanf 2016\TanfolyamPenDriveClean\dev\source\tricast_2016\src\test\resources
2016-10-05 14:01:34,960 [Worker-17] INFO  o.e.m.c.i.embedder.EclipseLogger - Using 'UTF-8' encoding to copy filtered resources.
2016-10-05 14:01:34,960 [Worker-17] INFO  o.e.m.c.i.embedder.EclipseLogger - Copying 0 resource
2016-10-05 14:01:34,961 [Worker-17] INFO  o.e.m.c.i.embedder.EclipseLogger - Using 'UTF-8' encoding to copy filtered resources.
2016-10-05 14:01:34,962 [Worker-17] INFO  o.e.m.c.i.embedder.EclipseLogger - skip non existing resourceDirectory C:\Stuff\Company\Java Tanf 2016\TanfolyamPenDriveClean\dev\source\tricast_2016\src\test\resources
2016-10-05 14:01:44,054 [Worker-27] INFO  o.e.m.c.i.embedder.EclipseLogger - Using 'UTF-8' encoding to copy filtered resources.
2016-10-05 14:01:44,054 [Worker-27] INFO  o.e.m.c.i.embedder.EclipseLogger - Copying 0 resource
2016-10-05 14:01:44,055 [Worker-27] INFO  o.e.m.c.i.embedder.EclipseLogger - Using 'UTF-8' encoding to copy filtered resources.
2016-10-05 14:01:44,055 [Worker-27] INFO  o.e.m.c.i.embedder.EclipseLogger - skip non existing resourceDirectory C:\Stuff\Company\Java Tanf 2016\TanfolyamPenDriveClean\dev\source\tricast_2016\src\test\resources
2016-10-05 14:01:58,896 [Worker-17] INFO  o.e.m.c.i.embedder.EclipseLogger - Using 'UTF-8' encoding to copy filtered resources.
2016-10-05 14:01:58,901 [Worker-17] INFO  o.e.m.c.i.embedder.EclipseLogger - Copying 2 resources
2016-10-05 14:01:58,902 [Worker-17] INFO  o.e.m.c.i.embedder.EclipseLogger - Using 'UTF-8' encoding to copy filtered resources.
2016-10-05 14:01:58,903 [Worker-17] INFO  o.e.m.c.i.embedder.EclipseLogger - skip non existing resourceDirectory C:\Stuff\Company\Java Tanf 2016\TanfolyamPenDriveClean\dev\source\tricast_2016\src\test\resources
2016-10-05 14:02:28,176 [Worker-1] INFO  o.e.m.c.i.embedder.EclipseLogger - Using 'UTF-8' encoding to copy filtered resources.
2016-10-05 14:02:28,178 [Worker-1] INFO  o.e.m.c.i.embedder.EclipseLogger - Copying 2 resources
2016-10-05 14:02:28,181 [Worker-1] INFO  o.e.m.c.i.embedder.EclipseLogger - Using 'UTF-8' encoding to copy filtered resources.
2016-10-05 14:02:28,181 [Worker-1] INFO  o.e.m.c.i.embedder.EclipseLogger - skip non existing resourceDirectory C:\Stuff\Company\Java Tanf 2016\TanfolyamPenDriveClean\dev\source\tricast_2016\src\test\resources
2016-10-05 14:02:36,804 [Worker-27] INFO  o.e.m.c.i.embedder.EclipseLogger - Using 'UTF-8' encoding to copy filtered resources.
2016-10-05 14:02:36,805 [Worker-27] INFO  o.e.m.c.i.embedder.EclipseLogger - Copying 2 resources
2016-10-05 14:02:36,806 [Worker-27] INFO  o.e.m.c.i.embedder.EclipseLogger - Using 'UTF-8' encoding to copy filtered resources.
2016-10-05 14:02:36,807 [Worker-27] INFO  o.e.m.c.i.embedder.EclipseLogger - skip non existing resourceDirectory C:\Stuff\Company\Java Tanf 2016\TanfolyamPenDriveClean\dev\source\tricast_2016\src\test\resources
2016-10-05 14:02:41,999 [Worker-25] INFO  o.e.m.c.i.embedder.EclipseLogger - Using 'UTF-8' encoding to copy filtered resources.
2016-10-05 14:02:41,999 [Worker-25] INFO  o.e.m.c.i.embedder.EclipseLogger - Copying 2 resources
2016-10-05 14:02:42,000 [Worker-25] INFO  o.e.m.c.i.embedder.EclipseLogger - Using 'UTF-8' encoding to copy filtered resources.
2016-10-05 14:02:42,001 [Worker-25] INFO  o.e.m.c.i.embedder.EclipseLogger - skip non existing resourceDirectory C:\Stuff\Company\Java Tanf 2016\TanfolyamPenDriveClean\dev\source\tricast_2016\src\test\resources
2016-10-05 14:03:02,750 [Worker-17] INFO  o.e.m.c.i.embedder.EclipseLogger - Using 'UTF-8' encoding to copy filtered resources.
2016-10-05 14:03:02,750 [Worker-17] INFO  o.e.m.c.i.embedder.EclipseLogger - Copying 2 resources
2016-10-05 14:03:02,751 [Worker-17] INFO  o.e.m.c.i.embedder.EclipseLogger - Using 'UTF-8' encoding to copy filtered resources.
2016-10-05 14:03:02,752 [Worker-17] INFO  o.e.m.c.i.embedder.EclipseLogger - skip non existing resourceDirectory C:\Stuff\Company\Java Tanf 2016\TanfolyamPenDriveClean\dev\source\tricast_2016\src\test\resources
2016-10-05 14:03:08,127 [Worker-27] INFO  o.e.m.c.i.embedder.EclipseLogger - Using 'UTF-8' encoding to copy filtered resources.
2016-10-05 14:03:08,128 [Worker-27] INFO  o.e.m.c.i.embedder.EclipseLogger - Copying 2 resources
2016-10-05 14:03:08,129 [Worker-27] INFO  o.e.m.c.i.embedder.EclipseLogger - Using 'UTF-8' encoding to copy filtered resources.
2016-10-05 14:03:08,130 [Worker-27] INFO  o.e.m.c.i.embedder.EclipseLogger - skip non existing resourceDirectory C:\Stuff\Company\Java Tanf 2016\TanfolyamPenDriveClean\dev\source\tricast_2016\src\test\resources
2016-10-05 14:03:12,894 [Worker-9] INFO  o.e.m.c.i.embedder.EclipseLogger - Using 'UTF-8' encoding to copy filtered resources.
2016-10-05 14:03:12,894 [Worker-9] INFO  o.e.m.c.i.embedder.EclipseLogger - Copying 2 resources
2016-10-05 14:03:12,896 [Worker-9] INFO  o.e.m.c.i.embedder.EclipseLogger - Using 'UTF-8' encoding to copy filtered resources.
2016-10-05 14:03:12,896 [Worker-9] INFO  o.e.m.c.i.embedder.EclipseLogger - skip non existing resourceDirectory C:\Stuff\Company\Java Tanf 2016\TanfolyamPenDriveClean\dev\source\tricast_2016\src\test\resources
2016-10-05 14:03:18,113 [Worker-9] INFO  o.e.m.c.i.embedder.EclipseLogger - Using 'UTF-8' encoding to copy filtered resources.
2016-10-05 14:03:18,113 [Worker-9] INFO  o.e.m.c.i.embedder.EclipseLogger - Copying 2 resources
2016-10-05 14:03:18,115 [Worker-9] INFO  o.e.m.c.i.embedder.EclipseLogger - Using 'UTF-8' encoding to copy filtered resources.
2016-10-05 14:03:18,115 [Worker-9] INFO  o.e.m.c.i.embedder.EclipseLogger - skip non existing resourceDirectory C:\Stuff\Company\Java Tanf 2016\TanfolyamPenDriveClean\dev\source\tricast_2016\src\test\resources
2016-10-05 14:03:30,005 [Worker-2] INFO  o.e.m.c.i.embedder.EclipseLogger - Using 'UTF-8' encoding to copy filtered resources.
2016-10-05 14:03:30,006 [Worker-2] INFO  o.e.m.c.i.embedder.EclipseLogger - Copying 2 resources
2016-10-05 14:03:30,008 [Worker-2] INFO  o.e.m.c.i.embedder.EclipseLogger - Using 'UTF-8' encoding to copy filtered resources.
2016-10-05 14:03:30,008 [Worker-2] INFO  o.e.m.c.i.embedder.EclipseLogger - skip non existing resourceDirectory C:\Stuff\Company\Java Tanf 2016\TanfolyamPenDriveClean\dev\source\tricast_2016\src\test\resources
2016-10-05 14:03:35,364 [Worker-20] INFO  o.e.m.c.i.embedder.EclipseLogger - Using 'UTF-8' encoding to copy filtered resources.
2016-10-05 14:03:35,365 [Worker-20] INFO  o.e.m.c.i.embedder.EclipseLogger - Copying 2 resources
2016-10-05 14:03:35,366 [Worker-20] INFO  o.e.m.c.i.embedder.EclipseLogger - Using 'UTF-8' encoding to copy filtered resources.
2016-10-05 14:03:35,367 [Worker-20] INFO  o.e.m.c.i.embedder.EclipseLogger - skip non existing resourceDirectory C:\Stuff\Company\Java Tanf 2016\TanfolyamPenDriveClean\dev\source\tricast_2016\src\test\resources
2016-10-05 14:03:40,806 [Worker-2] INFO  o.e.m.c.i.embedder.EclipseLogger - Using 'UTF-8' encoding to copy filtered resources.
2016-10-05 14:03:40,806 [Worker-2] INFO  o.e.m.c.i.embedder.EclipseLogger - Copying 2 resources
2016-10-05 14:03:40,808 [Worker-2] INFO  o.e.m.c.i.embedder.EclipseLogger - Using 'UTF-8' encoding to copy filtered resources.
2016-10-05 14:03:40,808 [Worker-2] INFO  o.e.m.c.i.embedder.EclipseLogger - skip non existing resourceDirectory C:\Stuff\Company\Java Tanf 2016\TanfolyamPenDriveClean\dev\source\tricast_2016\src\test\resources
2016-10-05 14:04:37,224 [Worker-2] INFO  o.e.m.c.i.embedder.EclipseLogger - Using 'UTF-8' encoding to copy filtered resources.
2016-10-05 14:04:37,225 [Worker-2] INFO  o.e.m.c.i.embedder.EclipseLogger - Copying 2 resources
2016-10-05 14:04:37,226 [Worker-2] INFO  o.e.m.c.i.embedder.EclipseLogger - Using 'UTF-8' encoding to copy filtered resources.
2016-10-05 14:04:37,227 [Worker-2] INFO  o.e.m.c.i.embedder.EclipseLogger - skip non existing resourceDirectory C:\Stuff\Company\Java Tanf 2016\TanfolyamPenDriveClean\dev\source\tricast_2016\src\test\resources
2016-10-05 14:04:59,280 [Worker-28] INFO  o.e.m.c.i.embedder.EclipseLogger - Using 'UTF-8' encoding to copy filtered resources.
2016-10-05 14:04:59,281 [Worker-28] INFO  o.e.m.c.i.embedder.EclipseLogger - Copying 2 resources
2016-10-05 14:04:59,282 [Worker-28] INFO  o.e.m.c.i.embedder.EclipseLogger - Using 'UTF-8' encoding to copy filtered resources.
2016-10-05 14:04:59,282 [Worker-28] INFO  o.e.m.c.i.embedder.EclipseLogger - skip non existing resourceDirectory C:\Stuff\Company\Java Tanf 2016\TanfolyamPenDriveClean\dev\source\tricast_2016\src\test\resources
2016-10-05 14:05:08,171 [Worker-28] INFO  o.e.m.c.i.embedder.EclipseLogger - Using 'UTF-8' encoding to copy filtered resources.
2016-10-05 14:05:08,171 [Worker-28] INFO  o.e.m.c.i.embedder.EclipseLogger - Copying 2 resources
2016-10-05 14:05:08,172 [Worker-28] INFO  o.e.m.c.i.embedder.EclipseLogger - Using 'UTF-8' encoding to copy filtered resources.
2016-10-05 14:05:08,173 [Worker-28] INFO  o.e.m.c.i.embedder.EclipseLogger - skip non existing resourceDirectory C:\Stuff\Company\Java Tanf 2016\TanfolyamPenDriveClean\dev\source\tricast_2016\src\test\resources
2016-10-05 14:05:24,412 [Worker-18] INFO  o.e.m.c.i.embedder.EclipseLogger - Using 'UTF-8' encoding to copy filtered resources.
2016-10-05 14:05:24,413 [Worker-18] INFO  o.e.m.c.i.embedder.EclipseLogger - Copying 2 resources
2016-10-05 14:05:24,414 [Worker-18] INFO  o.e.m.c.i.embedder.EclipseLogger - Using 'UTF-8' encoding to copy filtered resources.
2016-10-05 14:05:24,414 [Worker-18] INFO  o.e.m.c.i.embedder.EclipseLogger - skip non existing resourceDirectory C:\Stuff\Company\Java Tanf 2016\TanfolyamPenDriveClean\dev\source\tricast_2016\src\test\resources
2016-10-05 14:05:31,948 [Worker-1] INFO  o.e.m.c.i.embedder.EclipseLogger - Using 'UTF-8' encoding to copy filtered resources.
2016-10-05 14:05:31,948 [Worker-1] INFO  o.e.m.c.i.embedder.EclipseLogger - Copying 2 resources
2016-10-05 14:05:31,949 [Worker-1] INFO  o.e.m.c.i.embedder.EclipseLogger - Using 'UTF-8' encoding to copy filtered resources.
2016-10-05 14:05:31,950 [Worker-1] INFO  o.e.m.c.i.embedder.EclipseLogger - skip non existing resourceDirectory C:\Stuff\Company\Java Tanf 2016\TanfolyamPenDriveClean\dev\source\tricast_2016\src\test\resources
2016-10-05 14:05:45,077 [Worker-20] INFO  o.e.m.c.i.embedder.EclipseLogger - Using 'UTF-8' encoding to copy filtered resources.
2016-10-05 14:05:45,078 [Worker-20] INFO  o.e.m.c.i.embedder.EclipseLogger - Copying 2 resources
2016-10-05 14:05:45,079 [Worker-20] INFO  o.e.m.c.i.embedder.EclipseLogger - Using 'UTF-8' encoding to copy filtered resources.
2016-10-05 14:05:45,079 [Worker-20] INFO  o.e.m.c.i.embedder.EclipseLogger - skip non existing resourceDirectory C:\Stuff\Company\Java Tanf 2016\TanfolyamPenDriveClean\dev\source\tricast_2016\src\test\resources
2016-10-05 14:05:58,457 [Worker-28] INFO  o.e.m.c.i.embedder.EclipseLogger - Using 'UTF-8' encoding to copy filtered resources.
2016-10-05 14:05:58,458 [Worker-28] INFO  o.e.m.c.i.embedder.EclipseLogger - Copying 2 resources
2016-10-05 14:05:58,458 [Worker-28] INFO  o.e.m.c.i.embedder.EclipseLogger - Using 'UTF-8' encoding to copy filtered resources.
2016-10-05 14:05:58,459 [Worker-28] INFO  o.e.m.c.i.embedder.EclipseLogger - skip non existing resourceDirectory C:\Stuff\Company\Java Tanf 2016\TanfolyamPenDriveClean\dev\source\tricast_2016\src\test\resources
2016-10-05 14:06:08,079 [Worker-25] INFO  o.e.m.c.i.embedder.EclipseLogger - Using 'UTF-8' encoding to copy filtered resources.
2016-10-05 14:06:08,080 [Worker-25] INFO  o.e.m.c.i.embedder.EclipseLogger - Copying 2 resources
2016-10-05 14:06:08,081 [Worker-25] INFO  o.e.m.c.i.embedder.EclipseLogger - Using 'UTF-8' encoding to copy filtered resources.
2016-10-05 14:06:08,082 [Worker-25] INFO  o.e.m.c.i.embedder.EclipseLogger - skip non existing resourceDirectory C:\Stuff\Company\Java Tanf 2016\TanfolyamPenDriveClean\dev\source\tricast_2016\src\test\resources
2016-10-05 14:06:17,719 [Worker-25] INFO  o.e.m.c.i.embedder.EclipseLogger - Using 'UTF-8' encoding to copy filtered resources.
2016-10-05 14:06:17,720 [Worker-25] INFO  o.e.m.c.i.embedder.EclipseLogger - Copying 2 resources
2016-10-05 14:06:17,721 [Worker-25] INFO  o.e.m.c.i.embedder.EclipseLogger - Using 'UTF-8' encoding to copy filtered resources.
2016-10-05 14:06:17,721 [Worker-25] INFO  o.e.m.c.i.embedder.EclipseLogger - skip non existing resourceDirectory C:\Stuff\Company\Java Tanf 2016\TanfolyamPenDriveClean\dev\source\tricast_2016\src\test\resources
2016-10-05 14:06:24,923 [Worker-24] INFO  o.e.m.c.i.embedder.EclipseLogger - Using 'UTF-8' encoding to copy filtered resources.
2016-10-05 14:06:24,924 [Worker-24] INFO  o.e.m.c.i.embedder.EclipseLogger - Copying 2 resources
2016-10-05 14:06:24,924 [Worker-24] INFO  o.e.m.c.i.embedder.EclipseLogger - Using 'UTF-8' encoding to copy filtered resources.
2016-10-05 14:06:24,925 [Worker-24] INFO  o.e.m.c.i.embedder.EclipseLogger - skip non existing resourceDirectory C:\Stuff\Company\Java Tanf 2016\TanfolyamPenDriveClean\dev\source\tricast_2016\src\test\resources
2016-10-05 14:06:50,838 [Worker-17] INFO  o.e.m.c.i.embedder.EclipseLogger - Using 'UTF-8' encoding to copy filtered resources.
2016-10-05 14:06:50,839 [Worker-17] INFO  o.e.m.c.i.embedder.EclipseLogger - Copying 2 resources
2016-10-05 14:06:50,841 [Worker-17] INFO  o.e.m.c.i.embedder.EclipseLogger - Using 'UTF-8' encoding to copy filtered resources.
2016-10-05 14:06:50,841 [Worker-17] INFO  o.e.m.c.i.embedder.EclipseLogger - skip non existing resourceDirectory C:\Stuff\Company\Java Tanf 2016\TanfolyamPenDriveClean\dev\source\tricast_2016\src\test\resources
2016-10-05 14:07:04,393 [Worker-2] INFO  o.e.m.c.i.embedder.EclipseLogger - Using 'UTF-8' encoding to copy filtered resources.
2016-10-05 14:07:04,393 [Worker-2] INFO  o.e.m.c.i.embedder.EclipseLogger - Copying 2 resources
2016-10-05 14:07:04,394 [Worker-2] INFO  o.e.m.c.i.embedder.EclipseLogger - Using 'UTF-8' encoding to copy filtered resources.
2016-10-05 14:07:04,394 [Worker-2] INFO  o.e.m.c.i.embedder.EclipseLogger - skip non existing resourceDirectory C:\Stuff\Company\Java Tanf 2016\TanfolyamPenDriveClean\dev\source\tricast_2016\src\test\resources
2016-10-05 14:07:08,007 [Worker-2] INFO  o.e.m.c.i.embedder.EclipseLogger - Using 'UTF-8' encoding to copy filtered resources.
2016-10-05 14:07:08,008 [Worker-2] INFO  o.e.m.c.i.embedder.EclipseLogger - Copying 2 resources
2016-10-05 14:07:08,009 [Worker-2] INFO  o.e.m.c.i.embedder.EclipseLogger - Using 'UTF-8' encoding to copy filtered resources.
2016-10-05 14:07:08,009 [Worker-2] INFO  o.e.m.c.i.embedder.EclipseLogger - skip non existing resourceDirectory C:\Stuff\Company\Java Tanf 2016\TanfolyamPenDriveClean\dev\source\tricast_2016\src\test\resources
2016-10-05 14:07:15,147 [Worker-25] INFO  o.e.m.c.i.embedder.EclipseLogger - Using 'UTF-8' encoding to copy filtered resources.
2016-10-05 14:07:15,147 [Worker-25] INFO  o.e.m.c.i.embedder.EclipseLogger - Copying 2 resources
2016-10-05 14:07:15,149 [Worker-25] INFO  o.e.m.c.i.embedder.EclipseLogger - Using 'UTF-8' encoding to copy filtered resources.
2016-10-05 14:07:15,149 [Worker-25] INFO  o.e.m.c.i.embedder.EclipseLogger - skip non existing resourceDirectory C:\Stuff\Company\Java Tanf 2016\TanfolyamPenDriveClean\dev\source\tricast_2016\src\test\resources
2016-10-05 14:07:25,089 [Worker-27] INFO  o.e.m.c.i.embedder.EclipseLogger - Using 'UTF-8' encoding to copy filtered resources.
2016-10-05 14:07:25,090 [Worker-27] INFO  o.e.m.c.i.embedder.EclipseLogger - Copying 2 resources
2016-10-05 14:07:25,092 [Worker-27] INFO  o.e.m.c.i.embedder.EclipseLogger - Using 'UTF-8' encoding to copy filtered resources.
2016-10-05 14:07:25,092 [Worker-27] INFO  o.e.m.c.i.embedder.EclipseLogger - skip non existing resourceDirectory C:\Stuff\Company\Java Tanf 2016\TanfolyamPenDriveClean\dev\source\tricast_2016\src\test\resources
2016-10-05 14:07:53,649 [Worker-1] INFO  o.e.m.c.i.embedder.EclipseLogger - Using 'UTF-8' encoding to copy filtered resources.
2016-10-05 14:07:53,649 [Worker-1] INFO  o.e.m.c.i.embedder.EclipseLogger - Copying 2 resources
2016-10-05 14:07:53,650 [Worker-1] INFO  o.e.m.c.i.embedder.EclipseLogger - Using 'UTF-8' encoding to copy filtered resources.
2016-10-05 14:07:53,650 [Worker-1] INFO  o.e.m.c.i.embedder.EclipseLogger - skip non existing resourceDirectory C:\Stuff\Company\Java Tanf 2016\TanfolyamPenDriveClean\dev\source\tricast_2016\src\test\resources
2016-10-05 14:08:03,931 [Worker-27] INFO  o.e.m.c.i.embedder.EclipseLogger - Using 'UTF-8' encoding to copy filtered resources.
2016-10-05 14:08:03,931 [Worker-27] INFO  o.e.m.c.i.embedder.EclipseLogger - Copying 2 resources
2016-10-05 14:08:03,932 [Worker-27] INFO  o.e.m.c.i.embedder.EclipseLogger - Using 'UTF-8' encoding to copy filtered resources.
2016-10-05 14:08:03,933 [Worker-27] INFO  o.e.m.c.i.embedder.EclipseLogger - skip non existing resourceDirectory C:\Stuff\Company\Java Tanf 2016\TanfolyamPenDriveClean\dev\source\tricast_2016\src\test\resources
2016-10-05 14:08:09,004 [Worker-28] INFO  o.e.m.c.i.embedder.EclipseLogger - Using 'UTF-8' encoding to copy filtered resources.
2016-10-05 14:08:09,004 [Worker-28] INFO  o.e.m.c.i.embedder.EclipseLogger - Copying 2 resources
2016-10-05 14:08:09,005 [Worker-28] INFO  o.e.m.c.i.embedder.EclipseLogger - Using 'UTF-8' encoding to copy filtered resources.
2016-10-05 14:08:09,005 [Worker-28] INFO  o.e.m.c.i.embedder.EclipseLogger - skip non existing resourceDirectory C:\Stuff\Company\Java Tanf 2016\TanfolyamPenDriveClean\dev\source\tricast_2016\src\test\resources
2016-10-05 14:08:13,172 [Worker-27] INFO  o.e.m.c.i.embedder.EclipseLogger - Using 'UTF-8' encoding to copy filtered resources.
2016-10-05 14:08:13,172 [Worker-27] INFO  o.e.m.c.i.embedder.EclipseLogger - Copying 2 resources
2016-10-05 14:08:13,173 [Worker-27] INFO  o.e.m.c.i.embedder.EclipseLogger - Using 'UTF-8' encoding to copy filtered resources.
2016-10-05 14:08:13,173 [Worker-27] INFO  o.e.m.c.i.embedder.EclipseLogger - skip non existing resourceDirectory C:\Stuff\Company\Java Tanf 2016\TanfolyamPenDriveClean\dev\source\tricast_2016\src\test\resources
2016-10-05 14:08:26,069 [Worker-18] INFO  o.e.m.c.i.embedder.EclipseLogger - Using 'UTF-8' encoding to copy filtered resources.
2016-10-05 14:08:26,070 [Worker-18] INFO  o.e.m.c.i.embedder.EclipseLogger - Copying 2 resources
2016-10-05 14:08:26,071 [Worker-18] INFO  o.e.m.c.i.embedder.EclipseLogger - Using 'UTF-8' encoding to copy filtered resources.
2016-10-05 14:08:26,072 [Worker-18] INFO  o.e.m.c.i.embedder.EclipseLogger - skip non existing resourceDirectory C:\Stuff\Company\Java Tanf 2016\TanfolyamPenDriveClean\dev\source\tricast_2016\src\test\resources
2016-10-05 14:08:38,004 [Worker-26] INFO  o.e.m.c.i.embedder.EclipseLogger - Using 'UTF-8' encoding to copy filtered resources.
2016-10-05 14:08:38,005 [Worker-26] INFO  o.e.m.c.i.embedder.EclipseLogger - Copying 2 resources
2016-10-05 14:08:38,006 [Worker-26] INFO  o.e.m.c.i.embedder.EclipseLogger - Using 'UTF-8' encoding to copy filtered resources.
2016-10-05 14:08:38,006 [Worker-26] INFO  o.e.m.c.i.embedder.EclipseLogger - skip non existing resourceDirectory C:\Stuff\Company\Java Tanf 2016\TanfolyamPenDriveClean\dev\source\tricast_2016\src\test\resources
2016-10-05 14:09:02,769 [Worker-29] INFO  o.e.m.c.i.embedder.EclipseLogger - Using 'UTF-8' encoding to copy filtered resources.
2016-10-05 14:09:02,770 [Worker-29] INFO  o.e.m.c.i.embedder.EclipseLogger - Copying 2 resources
2016-10-05 14:09:02,771 [Worker-29] INFO  o.e.m.c.i.embedder.EclipseLogger - Using 'UTF-8' encoding to copy filtered resources.
2016-10-05 14:09:02,771 [Worker-29] INFO  o.e.m.c.i.embedder.EclipseLogger - skip non existing resourceDirectory C:\Stuff\Company\Java Tanf 2016\TanfolyamPenDriveClean\dev\source\tricast_2016\src\test\resources
2016-10-05 14:09:12,088 [Worker-29] INFO  o.e.m.c.i.embedder.EclipseLogger - Using 'UTF-8' encoding to copy filtered resources.
2016-10-05 14:09:12,089 [Worker-29] INFO  o.e.m.c.i.embedder.EclipseLogger - Copying 2 resources
2016-10-05 14:09:12,090 [Worker-29] INFO  o.e.m.c.i.embedder.EclipseLogger - Using 'UTF-8' encoding to copy filtered resources.
2016-10-05 14:09:12,090 [Worker-29] INFO  o.e.m.c.i.embedder.EclipseLogger - skip non existing resourceDirectory C:\Stuff\Company\Java Tanf 2016\TanfolyamPenDriveClean\dev\source\tricast_2016\src\test\resources
2016-10-05 14:09:19,923 [Worker-18] INFO  o.e.m.c.i.embedder.EclipseLogger - Using 'UTF-8' encoding to copy filtered resources.
2016-10-05 14:09:19,924 [Worker-18] INFO  o.e.m.c.i.embedder.EclipseLogger - Copying 2 resources
2016-10-05 14:09:19,925 [Worker-18] INFO  o.e.m.c.i.embedder.EclipseLogger - Using 'UTF-8' encoding to copy filtered resources.
2016-10-05 14:09:19,925 [Worker-18] INFO  o.e.m.c.i.embedder.EclipseLogger - skip non existing resourceDirectory C:\Stuff\Company\Java Tanf 2016\TanfolyamPenDriveClean\dev\source\tricast_2016\src\test\resources
2016-10-05 14:09:26,793 [Worker-28] INFO  o.e.m.c.i.embedder.EclipseLogger - Using 'UTF-8' encoding to copy filtered resources.
2016-10-05 14:09:26,794 [Worker-28] INFO  o.e.m.c.i.embedder.EclipseLogger - Copying 2 resources
2016-10-05 14:09:26,794 [Worker-28] INFO  o.e.m.c.i.embedder.EclipseLogger - Using 'UTF-8' encoding to copy filtered resources.
2016-10-05 14:09:26,795 [Worker-28] INFO  o.e.m.c.i.embedder.EclipseLogger - skip non existing resourceDirectory C:\Stuff\Company\Java Tanf 2016\TanfolyamPenDriveClean\dev\source\tricast_2016\src\test\resources
2016-10-05 14:09:45,928 [Worker-2] INFO  o.e.m.c.i.embedder.EclipseLogger - Using 'UTF-8' encoding to copy filtered resources.
2016-10-05 14:09:45,929 [Worker-2] INFO  o.e.m.c.i.embedder.EclipseLogger - Copying 2 resources
2016-10-05 14:09:45,930 [Worker-2] INFO  o.e.m.c.i.embedder.EclipseLogger - Using 'UTF-8' encoding to copy filtered resources.
2016-10-05 14:09:45,930 [Worker-2] INFO  o.e.m.c.i.embedder.EclipseLogger - skip non existing resourceDirectory C:\Stuff\Company\Java Tanf 2016\TanfolyamPenDriveClean\dev\source\tricast_2016\src\test\resources
2016-10-05 14:10:05,054 [Worker-24] INFO  o.e.m.c.i.embedder.EclipseLogger - Using 'UTF-8' encoding to copy filtered resources.
2016-10-05 14:10:05,055 [Worker-24] INFO  o.e.m.c.i.embedder.EclipseLogger - Copying 2 resources
2016-10-05 14:10:05,056 [Worker-24] INFO  o.e.m.c.i.embedder.EclipseLogger - Using 'UTF-8' encoding to copy filtered resources.
2016-10-05 14:10:05,056 [Worker-24] INFO  o.e.m.c.i.embedder.EclipseLogger - skip non existing resourceDirectory C:\Stuff\Company\Java Tanf 2016\TanfolyamPenDriveClean\dev\source\tricast_2016\src\test\resources
2016-10-05 14:10:12,877 [Worker-20] INFO  o.e.m.c.i.embedder.EclipseLogger - Using 'UTF-8' encoding to copy filtered resources.
2016-10-05 14:10:12,877 [Worker-20] INFO  o.e.m.c.i.embedder.EclipseLogger - Copying 2 resources
2016-10-05 14:10:12,878 [Worker-20] INFO  o.e.m.c.i.embedder.EclipseLogger - Using 'UTF-8' encoding to copy filtered resources.
2016-10-05 14:10:12,879 [Worker-20] INFO  o.e.m.c.i.embedder.EclipseLogger - skip non existing resourceDirectory C:\Stuff\Company\Java Tanf 2016\TanfolyamPenDriveClean\dev\source\tricast_2016\src\test\resources
2016-10-05 14:10:22,064 [Worker-25] INFO  o.e.m.c.i.embedder.EclipseLogger - Using 'UTF-8' encoding to copy filtered resources.
2016-10-05 14:10:22,065 [Worker-25] INFO  o.e.m.c.i.embedder.EclipseLogger - Copying 2 resources
2016-10-05 14:10:22,066 [Worker-25] INFO  o.e.m.c.i.embedder.EclipseLogger - Using 'UTF-8' encoding to copy filtered resources.
2016-10-05 14:10:22,066 [Worker-25] INFO  o.e.m.c.i.embedder.EclipseLogger - skip non existing resourceDirectory C:\Stuff\Company\Java Tanf 2016\TanfolyamPenDriveClean\dev\source\tricast_2016\src\test\resources
2016-10-05 14:10:29,815 [Worker-28] INFO  o.e.m.c.i.embedder.EclipseLogger - Using 'UTF-8' encoding to copy filtered resources.
2016-10-05 14:10:29,816 [Worker-28] INFO  o.e.m.c.i.embedder.EclipseLogger - Copying 2 resources
2016-10-05 14:10:29,816 [Worker-28] INFO  o.e.m.c.i.embedder.EclipseLogger - Using 'UTF-8' encoding to copy filtered resources.
2016-10-05 14:10:29,817 [Worker-28] INFO  o.e.m.c.i.embedder.EclipseLogger - skip non existing resourceDirectory C:\Stuff\Company\Java Tanf 2016\TanfolyamPenDriveClean\dev\source\tricast_2016\src\test\resources
2016-10-05 14:13:36,703 [Worker-25] INFO  o.e.m.c.i.embedder.EclipseLogger - Using 'UTF-8' encoding to copy filtered resources.
2016-10-05 14:13:36,703 [Worker-25] INFO  o.e.m.c.i.embedder.EclipseLogger - Copying 2 resources
2016-10-05 14:13:36,704 [Worker-25] INFO  o.e.m.c.i.embedder.EclipseLogger - Using 'UTF-8' encoding to copy filtered resources.
2016-10-05 14:13:36,704 [Worker-25] INFO  o.e.m.c.i.embedder.EclipseLogger - skip non existing resourceDirectory C:\Stuff\Company\Java Tanf 2016\TanfolyamPenDriveClean\dev\source\tricast_2016\src\test\resources
2016-10-05 14:13:50,671 [Worker-35] INFO  o.e.m.c.i.embedder.EclipseLogger - Using 'UTF-8' encoding to copy filtered resources.
2016-10-05 14:13:50,672 [Worker-35] INFO  o.e.m.c.i.embedder.EclipseLogger - Copying 2 resources
2016-10-05 14:13:50,673 [Worker-35] INFO  o.e.m.c.i.embedder.EclipseLogger - Using 'UTF-8' encoding to copy filtered resources.
2016-10-05 14:13:50,673 [Worker-35] INFO  o.e.m.c.i.embedder.EclipseLogger - skip non existing resourceDirectory C:\Stuff\Company\Java Tanf 2016\TanfolyamPenDriveClean\dev\source\tricast_2016\src\test\resources
2016-10-05 14:13:58,943 [Worker-30] INFO  o.e.m.c.i.embedder.EclipseLogger - Using 'UTF-8' encoding to copy filtered resources.
2016-10-05 14:13:58,944 [Worker-30] INFO  o.e.m.c.i.embedder.EclipseLogger - Copying 2 resources
2016-10-05 14:13:58,945 [Worker-30] INFO  o.e.m.c.i.embedder.EclipseLogger - Using 'UTF-8' encoding to copy filtered resources.
2016-10-05 14:13:58,946 [Worker-30] INFO  o.e.m.c.i.embedder.EclipseLogger - skip non existing resourceDirectory C:\Stuff\Company\Java Tanf 2016\TanfolyamPenDriveClean\dev\source\tricast_2016\src\test\resources
2016-10-05 14:14:06,679 [Worker-25] INFO  o.e.m.c.i.embedder.EclipseLogger - Using 'UTF-8' encoding to copy filtered resources.
2016-10-05 14:14:06,679 [Worker-25] INFO  o.e.m.c.i.embedder.EclipseLogger - Copying 2 resources
2016-10-05 14:14:06,680 [Worker-25] INFO  o.e.m.c.i.embedder.EclipseLogger - Using 'UTF-8' encoding to copy filtered resources.
2016-10-05 14:14:06,680 [Worker-25] INFO  o.e.m.c.i.embedder.EclipseLogger - skip non existing resourceDirectory C:\Stuff\Company\Java Tanf 2016\TanfolyamPenDriveClean\dev\source\tricast_2016\src\test\resources
2016-10-05 14:14:13,003 [Worker-33] INFO  o.e.m.c.i.embedder.EclipseLogger - Using 'UTF-8' encoding to copy filtered resources.
2016-10-05 14:14:13,004 [Worker-33] INFO  o.e.m.c.i.embedder.EclipseLogger - Copying 2 resources
2016-10-05 14:14:13,005 [Worker-33] INFO  o.e.m.c.i.embedder.EclipseLogger - Using 'UTF-8' encoding to copy filtered resources.
2016-10-05 14:14:13,005 [Worker-33] INFO  o.e.m.c.i.embedder.EclipseLogger - skip non existing resourceDirectory C:\Stuff\Company\Java Tanf 2016\TanfolyamPenDriveClean\dev\source\tricast_2016\src\test\resources
2016-10-05 14:14:29,306 [Worker-39] INFO  o.e.m.c.i.embedder.EclipseLogger - Using 'UTF-8' encoding to copy filtered resources.
2016-10-05 14:14:29,306 [Worker-39] INFO  o.e.m.c.i.embedder.EclipseLogger - Copying 2 resources
2016-10-05 14:14:29,307 [Worker-39] INFO  o.e.m.c.i.embedder.EclipseLogger - Using 'UTF-8' encoding to copy filtered resources.
2016-10-05 14:14:29,308 [Worker-39] INFO  o.e.m.c.i.embedder.EclipseLogger - skip non existing resourceDirectory C:\Stuff\Company\Java Tanf 2016\TanfolyamPenDriveClean\dev\source\tricast_2016\src\test\resources
2016-10-05 14:14:36,306 [Worker-34] INFO  o.e.m.c.i.embedder.EclipseLogger - Using 'UTF-8' encoding to copy filtered resources.
2016-10-05 14:14:36,307 [Worker-34] INFO  o.e.m.c.i.embedder.EclipseLogger - Copying 2 resources
2016-10-05 14:14:36,308 [Worker-34] INFO  o.e.m.c.i.embedder.EclipseLogger - Using 'UTF-8' encoding to copy filtered resources.
2016-10-05 14:14:36,308 [Worker-34] INFO  o.e.m.c.i.embedder.EclipseLogger - skip non existing resourceDirectory C:\Stuff\Company\Java Tanf 2016\TanfolyamPenDriveClean\dev\source\tricast_2016\src\test\resources
2016-10-05 14:14:43,553 [Worker-40] INFO  o.e.m.c.i.embedder.EclipseLogger - Using 'UTF-8' encoding to copy filtered resources.
2016-10-05 14:14:43,554 [Worker-40] INFO  o.e.m.c.i.embedder.EclipseLogger - Copying 2 resources
2016-10-05 14:14:43,554 [Worker-40] INFO  o.e.m.c.i.embedder.EclipseLogger - Using 'UTF-8' encoding to copy filtered resources.
2016-10-05 14:14:43,554 [Worker-40] INFO  o.e.m.c.i.embedder.EclipseLogger - skip non existing resourceDirectory C:\Stuff\Company\Java Tanf 2016\TanfolyamPenDriveClean\dev\source\tricast_2016\src\test\resources
2016-10-05 14:14:51,309 [Worker-41] INFO  o.e.m.c.i.embedder.EclipseLogger - Using 'UTF-8' encoding to copy filtered resources.
2016-10-05 14:14:51,310 [Worker-41] INFO  o.e.m.c.i.embedder.EclipseLogger - Copying 2 resources
2016-10-05 14:14:51,310 [Worker-41] INFO  o.e.m.c.i.embedder.EclipseLogger - Using 'UTF-8' encoding to copy filtered resources.
2016-10-05 14:14:51,311 [Worker-41] INFO  o.e.m.c.i.embedder.EclipseLogger - skip non existing resourceDirectory C:\Stuff\Company\Java Tanf 2016\TanfolyamPenDriveClean\dev\source\tricast_2016\src\test\resources
2016-10-05 14:15:02,544 [Worker-37] INFO  o.e.m.c.i.embedder.EclipseLogger - Using 'UTF-8' encoding to copy filtered resources.
2016-10-05 14:15:02,545 [Worker-37] INFO  o.e.m.c.i.embedder.EclipseLogger - Copying 2 resources
2016-10-05 14:15:02,546 [Worker-37] INFO  o.e.m.c.i.embedder.EclipseLogger - Using 'UTF-8' encoding to copy filtered resources.
2016-10-05 14:15:02,546 [Worker-37] INFO  o.e.m.c.i.embedder.EclipseLogger - skip non existing resourceDirectory C:\Stuff\Company\Java Tanf 2016\TanfolyamPenDriveClean\dev\source\tricast_2016\src\test\resources
2016-10-05 14:16:06,088 [Worker-40] INFO  o.e.m.c.i.embedder.EclipseLogger - Using 'UTF-8' encoding to copy filtered resources.
2016-10-05 14:16:06,088 [Worker-40] INFO  o.e.m.c.i.embedder.EclipseLogger - Copying 0 resource
2016-10-05 14:16:06,089 [Worker-40] INFO  o.e.m.c.i.embedder.EclipseLogger - Using 'UTF-8' encoding to copy filtered resources.
2016-10-05 14:16:06,089 [Worker-40] INFO  o.e.m.c.i.embedder.EclipseLogger - skip non existing resourceDirectory C:\Stuff\Company\Java Tanf 2016\TanfolyamPenDriveClean\dev\source\tricast_2016\src\test\resources
2016-10-05 14:17:40,473 [Worker-25] INFO  o.e.m.c.i.embedder.EclipseLogger - Using 'UTF-8' encoding to copy filtered resources.
2016-10-05 14:17:40,473 [Worker-25] INFO  o.e.m.c.i.embedder.EclipseLogger - Copying 0 resource
2016-10-05 14:17:40,475 [Worker-25] INFO  o.e.m.c.i.embedder.EclipseLogger - Using 'UTF-8' encoding to copy filtered resources.
2016-10-05 14:17:40,475 [Worker-25] INFO  o.e.m.c.i.embedder.EclipseLogger - skip non existing resourceDirectory C:\Stuff\Company\Java Tanf 2016\TanfolyamPenDriveClean\dev\source\tricast_2016\src\test\resources
